\# Program start time:     UTC 2025.04.22 19:58:09.755
\# Local time: PDT (UTC-07:00) 2025.04.22 12:58:09.755
\o Program:		@(#)$CDS: virtuoso version 6.1.8-64b 01/30/2024 20:11 (cpgbld02) $
\o Hierarchy:		/share/instsww/cadence/IC.06.18.350/tools.lnx86/dfII/
\o Sub version:		sub-version  IC6.1.8-64b.500.35  (64-bit addresses)
\# Command line:	/share/instsww/cadence/IC618/tools.lnx86/dfII/bin/64bit/virtuoso -beanhost eda-2.EECS.Berkeley.EDU -beanport 11300 -beanbinlog  -beanLogFile /scratch/eecs251b-abk/virtuoso_workdir/logs_eecs251b-abk/logs0/amps_Service1.log -mpssession virtuoso963533 -mpshost eda-2.EECS.Berkeley.EDU -davinciService DaVinciService_963533_1745351881 -axlSession fnxSession0 -axlServiceIdFlag 1 -uuid e074eaef-e566-4605-8b6d-ca5beb3cedc8 -heartbeat /dev/shm/swift-heartbeat.IUkot991wq -log /scratch/eecs251b-abk/virtuoso_workdir/logs_eecs251b-abk/logs0/Service1.log -noautostart -nographE -lscs 000175E1894CBE06FF0966E38F1FFC06BC4D37A5DB18CD648E7835E0AF3EB9438E637296F54CC506867A66E38F1FFC06BC4D66E38F1FFC06BC4D0EE47BD008C9D44A00001E46 -interactive -offlineExprEval -fenixMode explorer -heartbeatTimeout  -lingerTimeout 300 -pointlifetime -1
\# Host name (type):	eda-2.EECS.Berkeley.EDU (x86_64)
\# Operating system:	Linux 4.18.0-553.47.1.el8_10.x86_64 #1 SMP Thu Mar 20 10:01:53 EDT 2025
\# Linux /etc/issue:	\S
\# Linux /etc/issue:	Kernel \r on an \m
\# X display name (WxH):	:4946 (1024x868)
\# Available geometry:			TL(0:0) BR(1023:867)
\# X server:			The X.Org Foundation
\# Depth of Visual (Root):	24 (24)
\# Number of Planes Used:	24
\# X version:		11.0 (vendor release 12011000)
\# X resource pool:	base 0x400000, mask 0x1fffff (2097151), shift 0
\# 			current id 0x0, current max 0x1ffffa (2097146)
\# Max data seg size:	     unlimited
\# Max process size:	     unlimited
\# Initial sbrk value:	        644 MB
\# Available memory:	    487,807 MB
\# System memory:	    805,985 MB
\# Maximum memory size:	    805,461 MB
\# Max mem available:	    487,927 MB
\# Initial memory used:	        120 MB
\#        process size:	      1,717 MB
\# Thread usage limits (effective/default):	maxthreads 3092639/3092639 maxload 96.00/96.00
\# Qt version:		5.9.1
\# Window Manager:	other
\# User Name:		eecs251b-abk
\o Working Directory:	eda-2.EECS.Berkeley.EDU:/scratch/eecs251b-abk/virtuoso_workdir
\# Process Id:		967887
\o 
\o COPYRIGHT (C) 1992-2024  CADENCE DESIGN SYSTEMS INC.  ALL RIGHTS RESERVED.
\o           (C) 1992-2024  UNIX SYSTEMS Laboratories INC.,
\o                          Reproduced with permission.
\o 
\o This Cadence Design Systems program and online documentation are
\o proprietary/confidential information and may be disclosed/used only
\o as authorized in a license agreement controlling such use and disclosure.
\o 
\o           RESTRICTED RIGHTS NOTICE (SHORT FORM)
\o Use/reproduction/disclosure is subject to restriction
\o set forth at FAR 1252.227-19 or its equivalent.
\o Loading geView.cxt 
\o Loading menuBuilder.cxt 
\o Loading schView.cxt 
\o Loading selectSv.cxt 
\o Loading pegasusui.cxt
\o Loading wireEdit.cxt 
\o Loading pte2.cxt 
\o Loading xlUI.cxt 
\o Loading auCore.cxt 
\o Loading vhdl.cxt 
\o Loading seismic.cxt 
\o Loading ci.cxt 
\o Loading ams.cxt 
\o Loading oasis.cxt 
\o Loading analog.cxt 
\o Loading asimenv.cxt 
\o Loading dal.cxt 
\o Loading awv.cxt 
\o Loading socket.cxt 
\o Loading par.cxt 
\o Loading alvs.cxt 
\o Loading caa.cxt 
\o Loading amps.cxt 
\o Loading adexlCore.cxt 
\# Memory report: using         232 MB, process size 1,916 MB at UTC 2025.04.22 19:58:12.092
\o Loading adexl.cxt 
\o *Info*    Exporting services from client ... 
\o 
\o Loading adexlDM.cxt 
\o Loading cpf.cxt 
\o Loading cli.cxt 
\o Loading lp.cxt 
\o INFO (ELI-00302) Connecting to parent process (session=virtuoso963533, host=eda-2.EECS.Berkeley.EDU). Connection mode is LSCS. Total timeout is 180 seconds. Connection timeout is 90 seconds.
\o INFO (ELI-00303) Step 1: Connecting to parent. Time spent is 0 seconds.
\o INFO (ELI-00304) The registration of the child 967887 within 90 seconds is being processed...
\o INFO (ELI-00305) The result of registration is true. Time spent is 0 seconds.
\o INFO (ELI-00308) The connection has ended. Result is true. Total time spent is 0 seconds.
\# [12:58:09.218569] Configured Lic search path (22.01-s002): 5280@license-srv.eecs.berkeley.edu
\w *WARNING* The directory: '/scratch/eecs251b-abk/virtuoso_workdir/$CDSHOME/tools/dfII/etc/cdslib/basic' does not exist
\w 	but was defined in libFile '/scratch/eecs251b-abk/virtuoso_workdir/cds.lib' for Lib 'basic'.
\w *WARNING* The directory: '/scratch/eecs251b-abk/virtuoso_workdir/$CDSHOME/tools/dfII/etc/cdslib/artist/analogLib' does not exist
\w 	but was defined in libFile '/scratch/eecs251b-abk/virtuoso_workdir/cds.lib' for Lib 'analogLib'.
\p > 
\w *WARNING* could not load font "-*-courier-medium-r-*-*-12-*", using font "fixed"
\# Loading perfDiag...
\# (PerfDiag): Set GDB path to environment variable 'gdbPath' (gdb).
\o 
\o Loading vdsil.cxt 
\o *Info*    Received signal SIGTERM.
\o 
\o 
\o Loading simui.cxt 
\# Lic Summary:
\# [12:58:16.376059] Cdslmd servers:5280@license-srv.eecs.berkeley.edu
\# [12:58:16.376089] Feature usage summary:
\# Memory report: on exit            280 MB, process size 2,011 MB at UTC 2025.04.22 19:58:16.900
\# Memory report: peak usage         280 MB, process size 2,011 MB
